<?xml version="1.0" encoding="UTF-8"?>
<testng-results skipped="0" failed="0" ignored="0" total="1" passed="1">
  <reporter-output>
  </reporter-output>
  <suite name="Suite" duration-ms="51506" started-at="2019-02-19T16:02:07Z" finished-at="2019-02-19T16:02:58Z">
    <groups>
    </groups>
    <test name="Test" duration-ms="51506" started-at="2019-02-19T16:02:07Z" finished-at="2019-02-19T16:02:58Z">
      <class name="com.TestCases.Tc_02_RegisterNewUser">
        <test-method status="PASS" signature="TestSignIn()[pri:0, instance:com.TestCases.Tc_02_RegisterNewUser@42e26948]" name="TestSignIn" duration-ms="49834" started-at="2019-02-19T16:02:08Z" finished-at="2019-02-19T16:02:58Z">
          <reporter-output>
          </reporter-output>
        </test-method> <!-- TestSignIn -->
      </class> <!-- com.TestCases.Tc_02_RegisterNewUser -->
    </test> <!-- Test -->
  </suite> <!-- Suite -->
</testng-results>
